Determining if the include file d3d10.h exists failed with the following output:
Change Dir: C:/Users/zlhartma/CLionProjects/Neural Network Visualizer/cmake-build-debug/CMakeFiles/CMakeTmp

Run Build Command(s):C:/Users/zlhartma/AppData/Local/JetBrains/Toolbox/apps/CLion/ch-0/223.8214.51/bin/ninja/win/ninja.exe cmTC_64afd && [1/2] Building C object CMakeFiles/cmTC_64afd.dir/CheckIncludeFile.c.obj
[31mFAILED: [0mCMakeFiles/cmTC_64afd.dir/CheckIncludeFile.c.obj 
C:\MinGW\bin\gcc.exe    -o CMakeFiles/cmTC_64afd.dir/CheckIncludeFile.c.obj -c "C:/Users/zlhartma/CLionProjects/Neural Network Visualizer/cmake-build-debug/CMakeFiles/CMakeTmp/CheckIncludeFile.c"
C:/Users/zlhartma/CLionProjects/Neural Network Visualizer/cmake-build-debug/CMakeFiles/CMakeTmp/CheckIncludeFile.c:1:19: fatal error: d3d10.h: No such file or directory
 #include <d3d10.h>
                   ^
compilation terminated.
ninja: build stopped: subcommand failed.



Determining if the include file d3d11.h exists failed with the following output:
Change Dir: C:/Users/zlhartma/CLionProjects/Neural Network Visualizer/cmake-build-debug/CMakeFiles/CMakeTmp

Run Build Command(s):C:/Users/zlhartma/AppData/Local/JetBrains/Toolbox/apps/CLion/ch-0/223.8214.51/bin/ninja/win/ninja.exe cmTC_42e79 && [1/2] Building C object CMakeFiles/cmTC_42e79.dir/CheckIncludeFile.c.obj
[31mFAILED: [0mCMakeFiles/cmTC_42e79.dir/CheckIncludeFile.c.obj 
C:\MinGW\bin\gcc.exe    -o CMakeFiles/cmTC_42e79.dir/CheckIncludeFile.c.obj -c "C:/Users/zlhartma/CLionProjects/Neural Network Visualizer/cmake-build-debug/CMakeFiles/CMakeTmp/CheckIncludeFile.c"
C:/Users/zlhartma/CLionProjects/Neural Network Visualizer/cmake-build-debug/CMakeFiles/CMakeTmp/CheckIncludeFile.c:1:19: fatal error: d3d11.h: No such file or directory
 #include <d3d11.h>
                   ^
compilation terminated.
ninja: build stopped: subcommand failed.



Determining if the include file d3d12.h exists failed with the following output:
Change Dir: C:/Users/zlhartma/CLionProjects/Neural Network Visualizer/cmake-build-debug/CMakeFiles/CMakeTmp

Run Build Command(s):C:/Users/zlhartma/AppData/Local/JetBrains/Toolbox/apps/CLion/ch-0/223.8214.51/bin/ninja/win/ninja.exe cmTC_3b775 && [1/2] Building C object CMakeFiles/cmTC_3b775.dir/CheckIncludeFile.c.obj
[31mFAILED: [0mCMakeFiles/cmTC_3b775.dir/CheckIncludeFile.c.obj 
C:\MinGW\bin\gcc.exe    -o CMakeFiles/cmTC_3b775.dir/CheckIncludeFile.c.obj -c "C:/Users/zlhartma/CLionProjects/Neural Network Visualizer/cmake-build-debug/CMakeFiles/CMakeTmp/CheckIncludeFile.c"
C:/Users/zlhartma/CLionProjects/Neural Network Visualizer/cmake-build-debug/CMakeFiles/CMakeTmp/CheckIncludeFile.c:1:19: fatal error: d3d12.h: No such file or directory
 #include <d3d12.h>
                   ^
compilation terminated.
ninja: build stopped: subcommand failed.



